\BOOKMARK [1][-]{Doc-Start}{\376\377\000L\000i\000s\000t\000\040\000o\000f\000\040\000F\000i\000g\000u\000r\000e\000s}{}% 1
\BOOKMARK [1][-]{Doc-Start}{\376\377\000L\000i\000s\000t\000\040\000o\000f\000\040\000T\000a\000b\000l\000e\000s}{}% 2
\BOOKMARK [1][-]{section.1}{\376\377\000I\000n\000t\000r\000o\000d\000u\000c\000t\000i\000o\000n}{}% 3
\BOOKMARK [2][-]{subsection.1.1}{\376\377\000B\000a\000c\000k\000g\000r\000o\000u\000n\000d\000\040\000\046\000\040\000M\000o\000t\000i\000v\000a\000t\000i\000o\000n}{section.1}% 4
\BOOKMARK [2][-]{subsection.1.2}{\376\377\000R\000e\000s\000e\000a\000r\000c\000h\000\040\000Q\000u\000e\000s\000t\000i\000o\000n}{section.1}% 5
\BOOKMARK [2][-]{subsection.1.3}{\376\377\000C\000o\000n\000t\000r\000i\000b\000u\000t\000i\000o\000n\000s}{section.1}% 6
\BOOKMARK [2][-]{subsection.1.4}{\376\377\000S\000t\000r\000u\000c\000t\000u\000r\000e\000\040\000o\000f\000\040\000t\000h\000e\000\040\000P\000a\000p\000e\000r}{section.1}% 7
\BOOKMARK [1][-]{section.2}{\376\377\000B\000a\000c\000k\000g\000r\000o\000u\000n\000d\000\040\000S\000t\000u\000d\000y}{}% 8
\BOOKMARK [1][-]{section.3}{\376\377\000L\000i\000t\000e\000r\000a\000t\000u\000r\000e\000\040\000R\000e\000v\000i\000e\000w}{}% 9
\BOOKMARK [2][-]{subsection.3.1}{\376\377\000T\000r\000a\000d\000i\000t\000i\000o\000n\000a\000l\000\040\000E\000c\000o\000n\000o\000m\000e\000t\000r\000i\000c\000\040\000A\000p\000p\000r\000o\000a\000c\000h\000e\000s\000\040\000t\000o\000\040\000P\000o\000l\000i\000c\000y\000\040\000A\000n\000a\000l\000y\000s\000i\000s}{section.3}% 10
\BOOKMARK [2][-]{subsection.3.2}{\376\377\000L\000i\000m\000i\000t\000a\000t\000i\000o\000n\000s\000\040\000o\000f\000\040\000T\000r\000a\000d\000i\000t\000i\000o\000n\000a\000l\000\040\000M\000e\000t\000h\000o\000d\000s}{section.3}% 11
\BOOKMARK [2][-]{subsection.3.3}{\376\377\000T\000h\000e\000\040\000R\000i\000s\000e\000\040\000o\000f\000\040\000M\000a\000c\000h\000i\000n\000e\000\040\000L\000e\000a\000r\000n\000i\000n\000g\000\040\000i\000n\000\040\000E\000c\000o\000n\000o\000m\000i\000c\000s}{section.3}% 12
\BOOKMARK [2][-]{subsection.3.4}{\376\377\000C\000a\000u\000s\000a\000l\000\040\000M\000a\000c\000h\000i\000n\000e\000\040\000L\000e\000a\000r\000n\000i\000n\000g\000\040\000a\000n\000d\000\040\000H\000y\000b\000r\000i\000d\000\040\000F\000r\000a\000m\000e\000w\000o\000r\000k\000s}{section.3}% 13
\BOOKMARK [3][-]{subsubsection.3.4.1}{\376\377\000K\000e\000y\000\040\000A\000d\000v\000a\000n\000c\000e\000s\000\040\000i\000n\000\040\000C\000a\000u\000s\000a\000l\000\040\000M\000L}{subsection.3.4}% 14
\BOOKMARK [3][-]{subsubsection.3.4.2}{\376\377\000P\000r\000o\000p\000o\000s\000e\000d\000\040\000H\000y\000b\000r\000i\000d\000\040\000F\000r\000a\000m\000e\000w\000o\000r\000k}{subsection.3.4}% 15
\BOOKMARK [3][-]{subsubsection.3.4.3}{\376\377\000T\000h\000e\000o\000r\000e\000t\000i\000c\000a\000l\000\040\000C\000o\000n\000t\000r\000i\000b\000u\000t\000i\000o\000n\000s}{subsection.3.4}% 16
\BOOKMARK [1][-]{section.4}{\376\377\000D\000a\000t\000a}{}% 17
\BOOKMARK [2][-]{subsection.4.1}{\376\377\000R\000a\000t\000i\000o\000n\000a\000l\000e\000\040\000f\000o\000r\000\040\000D\000a\000t\000a\000\040\000S\000e\000l\000e\000c\000t\000i\000o\000n}{section.4}% 18
\BOOKMARK [2][-]{subsection.4.2}{\376\377\000D\000a\000t\000a\000\040\000S\000o\000u\000r\000c\000e\000s\000\040\000a\000n\000d\000\040\000C\000o\000l\000l\000e\000c\000t\000i\000o\000n}{section.4}% 19
\BOOKMARK [2][-]{subsection.4.3}{\376\377\000D\000a\000t\000a\000\040\000A\000c\000q\000u\000i\000s\000i\000t\000i\000o\000n\000\040\000a\000n\000d\000\040\000P\000r\000o\000c\000e\000s\000s\000i\000n\000g\000\040\000P\000i\000p\000e\000l\000i\000n\000e}{section.4}% 20
\BOOKMARK [2][-]{subsection.4.4}{\376\377\000F\000e\000a\000t\000u\000r\000e\000\040\000E\000n\000g\000i\000n\000e\000e\000r\000i\000n\000g}{section.4}% 21
\BOOKMARK [2][-]{subsection.4.5}{\376\377\000M\000i\000c\000r\000o\000e\000c\000o\000n\000o\000m\000i\000c\000\040\000F\000i\000r\000m\000-\000L\000e\000v\000e\000l\000\040\000D\000a\000t\000a}{section.4}% 22
\BOOKMARK [2][-]{subsection.4.6}{\376\377\000Q\000u\000a\000l\000i\000t\000y\000\040\000A\000s\000s\000u\000r\000a\000n\000c\000e\000\040\000a\000n\000d\000\040\000V\000a\000l\000i\000d\000a\000t\000i\000o\000n}{section.4}% 23
\BOOKMARK [2][-]{subsection.4.7}{\376\377\000A\000n\000a\000l\000y\000t\000i\000c\000a\000l\000\040\000S\000a\000m\000p\000l\000e\000\040\000C\000o\000m\000p\000o\000s\000i\000t\000i\000o\000n}{section.4}% 24
\BOOKMARK [2][-]{subsection.4.8}{\376\377\000D\000a\000t\000a\000\040\000M\000e\000r\000g\000i\000n\000g\000,\000\040\000C\000l\000e\000a\000n\000i\000n\000g\000,\000\040\000a\000n\000d\000\040\000S\000a\000v\000i\000n\000g}{section.4}% 25
\BOOKMARK [2][-]{subsection.4.9}{\376\377\000S\000u\000m\000m\000a\000r\000y\000\040\000a\000n\000d\000\040\000O\000u\000t\000l\000o\000o\000k}{section.4}% 26
\BOOKMARK [1][-]{section.5}{\376\377\000M\000e\000t\000h\000o\000d\000o\000l\000o\000g\000y}{}% 27
\BOOKMARK [2][-]{subsection.5.1}{\376\377\000F\000r\000a\000m\000e\000w\000o\000r\000k\000\040\000O\000v\000e\000r\000v\000i\000e\000w}{section.5}% 28
\BOOKMARK [2][-]{subsection.5.2}{\376\377\000M\000e\000t\000h\000o\000d\000o\000l\000o\000g\000i\000c\000a\000l\000\040\000O\000v\000e\000r\000v\000i\000e\000w}{section.5}% 29
\BOOKMARK [3][-]{subsubsection.5.2.1}{\376\377\000S\000t\000a\000g\000e\000\040\0001\000:\000\040\000C\000a\000u\000s\000a\000l\000\040\000D\000i\000s\000c\000o\000v\000e\000r\000y}{subsection.5.2}% 30
\BOOKMARK [2][-]{subsection.5.3}{\376\377\000D\000o\000u\000b\000l\000e\000\040\000M\000a\000c\000h\000i\000n\000e\000\040\000L\000e\000a\000r\000n\000i\000n\000g\000\040\000\050\000D\000o\000u\000b\000l\000e\000M\000L\000\051}{section.5}% 31
\BOOKMARK [3][-]{subsubsection.5.3.1}{\376\377\000C\000o\000r\000e\000\040\000P\000r\000i\000n\000c\000i\000p\000l\000e}{subsection.5.3}% 32
\BOOKMARK [3][-]{subsubsection.5.3.2}{\376\377\000I\000m\000p\000l\000e\000m\000e\000n\000t\000a\000t\000i\000o\000n\000\040\000P\000r\000o\000c\000e\000s\000s}{subsection.5.3}% 33
\BOOKMARK [2][-]{subsection.5.4}{\376\377\000L\000S\000T\000M\000\040\000T\000i\000m\000e\000-\000S\000e\000r\000i\000e\000s\000\040\000M\000o\000d\000e\000l}{section.5}% 34
\BOOKMARK [3][-]{subsubsection.5.4.1}{\376\377\000T\000h\000e\000o\000r\000e\000t\000i\000c\000a\000l\000\040\000M\000o\000t\000i\000v\000a\000t\000i\000o\000n}{subsection.5.4}% 35
\BOOKMARK [3][-]{subsubsection.5.4.2}{\376\377\000A\000r\000c\000h\000i\000t\000e\000c\000t\000u\000r\000e\000\040\000D\000e\000s\000i\000g\000n}{subsection.5.4}% 36
\BOOKMARK [3][-]{subsubsection.5.4.3}{\376\377\000T\000r\000a\000i\000n\000i\000n\000g\000\040\000P\000r\000o\000t\000o\000c\000o\000l}{subsection.5.4}% 37
\BOOKMARK [2][-]{subsection.5.5}{\376\377\000C\000a\000u\000s\000a\000l\000\040\000F\000o\000r\000e\000s\000t\000s}{section.5}% 38
\BOOKMARK [3][-]{subsubsection.5.5.1}{\376\377\000C\000a\000u\000s\000a\000l\000\040\000F\000o\000r\000e\000s\000t\000\040\000R\000e\000s\000u\000l\000t\000s}{subsection.5.5}% 39
\BOOKMARK [3][-]{subsubsection.5.5.2}{\376\377\000T\000h\000e\000o\000r\000e\000t\000i\000c\000a\000l\000\040\000F\000o\000u\000n\000d\000a\000t\000i\000o\000n}{subsection.5.5}% 40
\BOOKMARK [3][-]{subsubsection.5.5.3}{\376\377\000M\000e\000t\000h\000o\000d\000o\000l\000o\000g\000i\000c\000a\000l\000\040\000A\000p\000p\000r\000o\000a\000c\000h}{subsection.5.5}% 41
\BOOKMARK [2][-]{subsection.5.6}{\376\377\000H\000e\000t\000e\000r\000o\000g\000e\000n\000e\000o\000u\000s\000\040\000T\000r\000e\000a\000t\000m\000e\000n\000t\000\040\000E\000f\000f\000e\000c\000t\000s\000\040\000A\000n\000a\000l\000y\000s\000i\000s}{section.5}% 42
\BOOKMARK [3][-]{subsubsection.5.6.1}{\376\377\000T\000r\000e\000a\000t\000m\000e\000n\000t\000\040\000D\000e\000f\000i\000n\000i\000t\000i\000o\000n}{subsection.5.6}% 43
\BOOKMARK [3][-]{subsubsection.5.6.2}{\376\377\000E\000s\000t\000i\000m\000a\000t\000i\000o\000n\000\040\000A\000p\000p\000r\000o\000a\000c\000h}{subsection.5.6}% 44
\BOOKMARK [2][-]{subsection.5.7}{\376\377\000E\000n\000s\000e\000m\000b\000l\000e\000\040\000F\000r\000a\000m\000e\000w\000o\000r\000k\000\040\000a\000n\000d\000\040\000P\000o\000l\000i\000c\000y\000\040\000O\000p\000t\000i\000m\000i\000z\000a\000t\000i\000o\000n}{section.5}% 45
\BOOKMARK [3][-]{subsubsection.5.7.1}{\376\377\000A\000d\000a\000p\000t\000i\000v\000e\000\040\000W\000e\000i\000g\000h\000t\000i\000n\000g\000\040\000S\000t\000r\000a\000t\000e\000g\000y}{subsection.5.7}% 46
\BOOKMARK [2][-]{subsection.5.8}{\376\377\000B\000e\000n\000c\000h\000m\000a\000r\000k\000i\000n\000g\000\040\000A\000g\000a\000i\000n\000s\000t\000\040\000T\000r\000a\000d\000i\000t\000i\000o\000n\000a\000l\000\040\000M\000e\000t\000h\000o\000d\000s}{section.5}% 47
\BOOKMARK [3][-]{subsubsection.5.8.1}{\376\377\000C\000o\000m\000p\000a\000r\000a\000t\000i\000v\000e\000\040\000F\000r\000a\000m\000e\000w\000o\000r\000k\000\040\000D\000e\000s\000i\000g\000n}{subsection.5.8}% 48
\BOOKMARK [3][-]{subsubsection.5.8.2}{\376\377\000P\000e\000r\000f\000o\000r\000m\000a\000n\000c\000e\000\040\000E\000v\000a\000l\000u\000a\000t\000i\000o\000n\000\040\000F\000r\000a\000m\000e\000w\000o\000r\000k}{subsection.5.8}% 49
\BOOKMARK [3][-]{subsubsection.5.8.3}{\376\377\000C\000o\000m\000p\000l\000e\000t\000e\000\040\000H\000y\000b\000r\000i\000d\000\040\000M\000o\000d\000e\000l\000\040\000A\000r\000c\000h\000i\000t\000e\000c\000t\000u\000r\000e}{subsection.5.8}% 50
\BOOKMARK [1][-]{section.6}{\376\377\000R\000e\000s\000u\000l\000t\000s}{}% 51
\BOOKMARK [2][-]{subsection.6.1}{\376\377\000D\000a\000t\000a\000\040\000O\000v\000e\000r\000v\000i\000e\000w\000\040\000a\000n\000d\000\040\000A\000n\000a\000l\000y\000t\000i\000c\000a\000l\000\040\000S\000c\000o\000p\000e}{section.6}% 52
\BOOKMARK [2][-]{subsection.6.2}{\376\377\000M\000o\000d\000e\000l\000\040\000S\000u\000i\000t\000e\000\040\000a\000n\000d\000\040\000F\000u\000n\000c\000t\000i\000o\000n\000a\000l\000\040\000D\000i\000f\000f\000e\000r\000e\000n\000t\000i\000a\000t\000i\000o\000n}{section.6}% 53
\BOOKMARK [2][-]{subsection.6.3}{\376\377\000F\000o\000r\000e\000c\000a\000s\000t\000\040\000P\000e\000r\000f\000o\000r\000m\000a\000n\000c\000e\000\040\000a\000n\000d\000\040\000P\000r\000e\000d\000i\000c\000t\000i\000v\000e\000\040\000A\000c\000c\000u\000r\000a\000c\000y}{section.6}% 54
\BOOKMARK [2][-]{subsection.6.4}{\376\377\000C\000a\000u\000s\000a\000l\000\040\000E\000f\000f\000e\000c\000t\000\040\000E\000s\000t\000i\000m\000a\000t\000i\000o\000n\000\040\000\050\000A\000v\000e\000r\000a\000g\000e\000\040\000E\000f\000f\000e\000c\000t\000s\000\051}{section.6}% 55
\BOOKMARK [2][-]{subsection.6.5}{\376\377\000D\000I\000F\000F\000E\000R\000E\000N\000T\000\040\000P\000O\000L\000I\000C\000Y\000\040\000I\000M\000P\000A\000C\000T\000\040\000A\000N\000A\000L\000Y\000S\000I\000S}{section.6}% 56
\BOOKMARK [2][-]{subsection.6.6}{\376\377\000K\000e\000y\000\040\000R\000e\000s\000e\000a\000r\000c\000h\000\040\000F\000i\000n\000d\000i\000n\000g\000s}{section.6}% 57
\BOOKMARK [2][-]{subsection.6.7}{\376\377\000M\000o\000d\000e\000l\000\040\000P\000e\000r\000f\000o\000r\000m\000a\000n\000c\000e}{section.6}% 58
\BOOKMARK [2][-]{subsection.6.8}{\376\377\000P\000o\000l\000i\000c\000y\000\040\000R\000e\000c\000o\000m\000m\000e\000n\000d\000a\000t\000i\000o\000n}{section.6}% 59
\BOOKMARK [2][-]{subsection.6.9}{\376\377\000I\000n\000t\000e\000r\000a\000c\000t\000i\000v\000e\000\040\000A\000n\000a\000l\000y\000s\000i\000s\000:\000\040\000I\000m\000p\000a\000c\000t\000\040\000o\000f\000\040\000a\000\040\0005\000.\0000\000\045\000\040\000V\000A\000T\000\040\000I\000n\000c\000r\000e\000a\000s\000e}{section.6}% 60
\BOOKMARK [2][-]{subsection.6.10}{\376\377\000M\000o\000d\000e\000l\000\040\000V\000a\000l\000i\000d\000a\000t\000i\000o\000n\000:\000\040\000E\000n\000s\000u\000r\000i\000n\000g\000\040\000P\000r\000e\000d\000i\000c\000t\000i\000o\000n\000\040\000A\000c\000c\000u\000r\000a\000c\000y}{section.6}% 61
\BOOKMARK [2][-]{subsection.6.11}{\376\377\000S\000u\000m\000m\000a\000r\000y\000\040\000o\000f\000\040\000E\000m\000p\000i\000r\000i\000c\000a\000l\000\040\000F\000i\000n\000d\000i\000n\000g\000s}{section.6}% 62
\BOOKMARK [1][-]{section.7}{\376\377\000D\000i\000s\000c\000u\000s\000s\000i\000o\000n}{}% 63
\BOOKMARK [2][-]{subsection.7.1}{\376\377\000I\000n\000t\000e\000r\000p\000r\000e\000t\000a\000t\000i\000o\000n\000\040\000o\000f\000\040\000T\000r\000e\000a\000t\000m\000e\000n\000t\000\040\000E\000f\000f\000e\000c\000t\000s}{section.7}% 64
\BOOKMARK [2][-]{subsection.7.2}{\376\377\000P\000o\000l\000i\000c\000y\000\040\000I\000m\000p\000l\000i\000c\000a\000t\000i\000o\000n\000s}{section.7}% 65
\BOOKMARK [2][-]{subsection.7.3}{\376\377\000C\000o\000m\000p\000a\000r\000a\000t\000i\000v\000e\000\040\000F\000r\000a\000m\000e\000w\000o\000r\000k\000\040\000S\000t\000r\000e\000n\000g\000t\000h\000s}{section.7}% 66
\BOOKMARK [2][-]{subsection.7.4}{\376\377\000C\000o\000m\000p\000a\000r\000i\000s\000o\000n\000\040\000t\000o\000\040\000T\000r\000a\000d\000i\000t\000i\000o\000n\000a\000l\000\040\000E\000c\000o\000n\000o\000m\000e\000t\000r\000i\000c\000\040\000B\000e\000n\000c\000h\000m\000a\000r\000k\000s}{section.7}% 67
\BOOKMARK [2][-]{subsection.7.5}{\376\377\000A\000l\000i\000g\000n\000m\000e\000n\000t\000\040\000w\000i\000t\000h\000\040\000E\000c\000o\000n\000o\000m\000i\000c\000\040\000T\000h\000e\000o\000r\000y}{section.7}% 68
\BOOKMARK [2][-]{subsection.7.6}{\376\377\000L\000i\000m\000i\000t\000a\000t\000i\000o\000n\000s}{section.7}% 69
\BOOKMARK [2][-]{subsection.7.7}{\376\377\000F\000u\000t\000u\000r\000e\000\040\000D\000i\000r\000e\000c\000t\000i\000o\000n\000s}{section.7}% 70
\BOOKMARK [1][-]{section.8}{\376\377\000C\000o\000n\000c\000l\000u\000s\000i\000o\000n}{}% 71
\BOOKMARK [2][-]{subsection.8.1}{\376\377\000S\000u\000m\000m\000a\000r\000y\000\040\000o\000f\000\040\000C\000o\000r\000e\000\040\000C\000o\000n\000t\000r\000i\000b\000u\000t\000i\000o\000n\000s}{section.8}% 72
\BOOKMARK [2][-]{subsection.8.2}{\376\377\000P\000r\000i\000n\000c\000i\000p\000a\000l\000\040\000E\000m\000p\000i\000r\000i\000c\000a\000l\000\040\000I\000n\000s\000i\000g\000h\000t}{section.8}% 73
\BOOKMARK [2][-]{subsection.8.3}{\376\377\000T\000h\000e\000o\000r\000e\000t\000i\000c\000a\000l\000\040\000a\000n\000d\000\040\000P\000r\000a\000c\000t\000i\000c\000a\000l\000\040\000I\000n\000t\000e\000g\000r\000a\000t\000i\000o\000n}{section.8}% 74
\BOOKMARK [2][-]{subsection.8.4}{\376\377\000P\000o\000l\000i\000c\000y\000\040\000D\000e\000s\000i\000g\000n\000\040\000G\000u\000i\000d\000a\000n\000c\000e}{section.8}% 75
\BOOKMARK [2][-]{subsection.8.5}{\376\377\000M\000e\000t\000h\000o\000d\000o\000l\000o\000g\000i\000c\000a\000l\000\040\000R\000e\000f\000l\000e\000c\000t\000i\000o\000n\000s}{section.8}% 76
\BOOKMARK [2][-]{subsection.8.6}{\376\377\000C\000l\000o\000s\000i\000n\000g\000\040\000S\000t\000a\000t\000e\000m\000e\000n\000t}{section.8}% 77
\BOOKMARK [1][-]{appendix.A}{\376\377\000A\000p\000p\000e\000n\000d\000i\000x}{}% 78
\BOOKMARK [2][-]{subsection.A.1}{\376\377\000A\000d\000d\000i\000t\000i\000o\000n\000a\000l\000\040\000R\000e\000s\000o\000u\000r\000c\000e\000s}{appendix.A}% 79
\BOOKMARK [2][-]{subsection.A.2}{\376\377\000A\000l\000l\000\040\000R\000e\000s\000u\000l\000t\000\040\000T\000a\000b\000l\000e\000s}{appendix.A}% 80
