This is pdfTeX, Version 3.141592653-2.6-1.40.27 (TeX Live 2025) (preloaded format=pdflatex 2025.9.16)  20 OCT 2025 13:01
entering extended mode
 restricted \write18 enabled.
 file:line:error style messages enabled.
 %&-line parsing enabled.
**"/Users/rishad/Downloads/restart defence/for publish/thesis/main.tex"
(/Users/rishad/Downloads/restart defence/for publish/thesis/main.tex
LaTeX2e <2024-11-01> patch level 2
L3 programming layer <2025-01-18>
(/usr/local/texlive/2025/texmf-dist/tex/latex/base/article.cls
Document Class: article 2024/06/29 v1.4n Standard LaTeX document class
(/usr/local/texlive/2025/texmf-dist/tex/latex/base/size12.clo
File: size12.clo 2024/06/29 v1.4n Standard LaTeX file (size option)
)
\c@part=\count196
\c@section=\count197
\c@subsection=\count198
\c@subsubsection=\count199
\c@paragraph=\count266
\c@subparagraph=\count267
\c@figure=\count268
\c@table=\count269
\abovecaptionskip=\skip49
\belowcaptionskip=\skip50
\bibindent=\dimen141
) (/usr/local/texlive/2025/texmf-dist/tex/latex/lineno/lineno.sty
Package: lineno 2025/01/29 line numbers on paragraphs v5.4
 (/usr/local/texlive/2025/texmf-dist/tex/latex/etoolbox/etoolbox.sty
Package: etoolbox 2025/02/11 v2.5l e-TeX tools for LaTeX (JAW)
\etb@tempcnta=\count270
) (/usr/local/texlive/2025/texmf-dist/tex/latex/kvoptions/kvoptions.sty
Package: kvoptions 2022-06-15 v3.15 Key value format for package options (HO)
 (/usr/local/texlive/2025/texmf-dist/tex/latex/graphics/keyval.sty
Package: keyval 2022/05/29 v1.15 key=value parser (DPC)
\KV@toks@=\toks17
) (/usr/local/texlive/2025/texmf-dist/tex/generic/ltxcmds/ltxcmds.sty
Package: ltxcmds 2023-12-04 v1.26 LaTeX kernel commands for general use (HO)
) (/usr/local/texlive/2025/texmf-dist/tex/latex/kvsetkeys/kvsetkeys.sty
Package: kvsetkeys 2022-10-05 v1.19 Key value parser (HO)
))
\linenopenalty=\count271
\output=\toks18
\linenoprevgraf=\count272
\linenumbersep=\dimen142
\linenumberwidth=\dimen143
\c@linenumber=\count273
\c@pagewiselinenumber=\count274
\c@LN@truepage=\count275
\c@internallinenumber=\count276
\c@internallinenumbers=\count277
\quotelinenumbersep=\dimen144
\bframerule=\dimen145
\bframesep=\dimen146
\bframebox=\box52
LaTeX Info: Redefining \\ on input line 3187.
) (/usr/local/texlive/2025/texmf-dist/tex/latex/xcolor/xcolor.sty
Package: xcolor 2024/09/29 v3.02 LaTeX color extensions (UK)
 (/usr/local/texlive/2025/texmf-dist/tex/latex/graphics-cfg/color.cfg
File: color.cfg 2016/01/02 v1.6 sample color configuration
)
Package xcolor Info: Driver file: pdftex.def on input line 274.
 (/usr/local/texlive/2025/texmf-dist/tex/latex/graphics-def/pdftex.def
File: pdftex.def 2024/04/13 v1.2c Graphics/color driver for pdftex
) (/usr/local/texlive/2025/texmf-dist/tex/latex/graphics/mathcolor.ltx)
Package xcolor Info: Model `cmy' substituted by `cmy0' on input line 1349.
Package xcolor Info: Model `hsb' substituted by `rgb' on input line 1353.
Package xcolor Info: Model `RGB' extended on input line 1365.
Package xcolor Info: Model `HTML' substituted by `rgb' on input line 1367.
Package xcolor Info: Model `Hsb' substituted by `hsb' on input line 1368.
Package xcolor Info: Model `tHsb' substituted by `hsb' on input line 1369.
Package xcolor Info: Model `HSB' substituted by `hsb' on input line 1370.
Package xcolor Info: Model `Gray' substituted by `gray' on input line 1371.
Package xcolor Info: Model `wave' substituted by `hsb' on input line 1372.
) (/usr/local/texlive/2025/texmf-dist/tex/generic/soul/soul.sty
Package: soul 2023-06-14 v3.1 Permit use of UTF-8 characters in soul (HO)
 (/usr/local/texlive/2025/texmf-dist/tex/generic/soul/soul-ori.sty
Package: soul-ori 2023-06-14 v3.1 letterspacing/underlining (mf)
\SOUL@word=\toks19
\SOUL@lasttoken=\toks20
\SOUL@syllable=\toks21
\SOUL@cmds=\toks22
\SOUL@buffer=\toks23
\SOUL@token=\toks24
\SOUL@syllgoal=\dimen147
\SOUL@syllwidth=\dimen148
\SOUL@charkern=\dimen149
\SOUL@hyphkern=\dimen150
\SOUL@dimen=\dimen151
\SOUL@dimeni=\dimen152
\SOUL@minus=\count278
\SOUL@comma=\count279
\SOUL@apo=\count280
\SOUL@grave=\count281
\SOUL@spaceskip=\skip51
\SOUL@ttwidth=\dimen153
\SOUL@uldp=\dimen154
\SOUL@ulht=\dimen155
) (/usr/local/texlive/2025/texmf-dist/tex/generic/infwarerr/infwarerr.sty
Package: infwarerr 2019/12/03 v1.5 Providing info/warning/error messages (HO)
) (/usr/local/texlive/2025/texmf-dist/tex/generic/etexcmds/etexcmds.sty
Package: etexcmds 2019/12/15 v1.7 Avoid name clashes with e-TeX commands (HO)
 (/usr/local/texlive/2025/texmf-dist/tex/generic/iftex/iftex.sty
Package: iftex 2024/12/12 v1.0g TeX engine tests
))) (/usr/local/texlive/2025/texmf-dist/tex/latex/geometry/geometry.sty
Package: geometry 2020/01/02 v5.9 Page Geometry
 (/usr/local/texlive/2025/texmf-dist/tex/generic/iftex/ifvtex.sty
Package: ifvtex 2019/10/25 v1.7 ifvtex legacy package. Use iftex instead.
)
\Gm@cnth=\count282
\Gm@cntv=\count283
\c@Gm@tempcnt=\count284
\Gm@bindingoffset=\dimen156
\Gm@wd@mp=\dimen157
\Gm@odd@mp=\dimen158
\Gm@even@mp=\dimen159
\Gm@layoutwidth=\dimen160
\Gm@layoutheight=\dimen161
\Gm@layouthoffset=\dimen162
\Gm@layoutvoffset=\dimen163
\Gm@dimlist=\toks25
) (/usr/local/texlive/2025/texmf-dist/tex/latex/amsmath/amsmath.sty
Package: amsmath 2024/11/05 v2.17t AMS math features
\@mathmargin=\skip52

For additional information on amsmath, use the `?' option.
(/usr/local/texlive/2025/texmf-dist/tex/latex/amsmath/amstext.sty
Package: amstext 2021/08/26 v2.01 AMS text
 (/usr/local/texlive/2025/texmf-dist/tex/latex/amsmath/amsgen.sty
File: amsgen.sty 1999/11/30 v2.0 generic functions
\@emptytoks=\toks26
\ex@=\dimen164
)) (/usr/local/texlive/2025/texmf-dist/tex/latex/amsmath/amsbsy.sty
Package: amsbsy 1999/11/29 v1.2d Bold Symbols
\pmbraise@=\dimen165
) (/usr/local/texlive/2025/texmf-dist/tex/latex/amsmath/amsopn.sty
Package: amsopn 2022/04/08 v2.04 operator names
)
\inf@bad=\count285
LaTeX Info: Redefining \frac on input line 233.
\uproot@=\count286
\leftroot@=\count287
LaTeX Info: Redefining \overline on input line 398.
LaTeX Info: Redefining \colon on input line 409.
\classnum@=\count288
\DOTSCASE@=\count289
LaTeX Info: Redefining \ldots on input line 495.
LaTeX Info: Redefining \dots on input line 498.
LaTeX Info: Redefining \cdots on input line 619.
\Mathstrutbox@=\box53
\strutbox@=\box54
LaTeX Info: Redefining \big on input line 721.
LaTeX Info: Redefining \Big on input line 722.
LaTeX Info: Redefining \bigg on input line 723.
LaTeX Info: Redefining \Bigg on input line 724.
\big@size=\dimen166
LaTeX Font Info:    Redeclaring font encoding OML on input line 742.
LaTeX Font Info:    Redeclaring font encoding OMS on input line 743.
\macc@depth=\count290
LaTeX Info: Redefining \bmod on input line 904.
LaTeX Info: Redefining \pmod on input line 909.
LaTeX Info: Redefining \smash on input line 939.
LaTeX Info: Redefining \relbar on input line 969.
LaTeX Info: Redefining \Relbar on input line 970.
\c@MaxMatrixCols=\count291
\dotsspace@=\muskip17
\c@parentequation=\count292
\dspbrk@lvl=\count293
\tag@help=\toks27
\row@=\count294
\column@=\count295
\maxfields@=\count296
\andhelp@=\toks28
\eqnshift@=\dimen167
\alignsep@=\dimen168
\tagshift@=\dimen169
\tagwidth@=\dimen170
\totwidth@=\dimen171
\lineht@=\dimen172
\@envbody=\toks29
\multlinegap=\skip53
\multlinetaggap=\skip54
\mathdisplay@stack=\toks30
LaTeX Info: Redefining \[ on input line 2953.
LaTeX Info: Redefining \] on input line 2954.
)
\@LN@amsmath@ams@eqpen=\count297
 (/usr/local/texlive/2025/texmf-dist/tex/latex/natbib/natbib.sty
Package: natbib 2010/09/13 8.31b (PWD, AO)
\bibhang=\skip55
\bibsep=\skip56
LaTeX Info: Redefining \cite on input line 694.
\c@NAT@ctr=\count298
) (/usr/local/texlive/2025/texmf-dist/tex/latex/hyperref/hyperref.sty
Package: hyperref 2024-11-05 v7.01l Hypertext links for LaTeX
 (/usr/local/texlive/2025/texmf-dist/tex/generic/kvdefinekeys/kvdefinekeys.sty
Package: kvdefinekeys 2019-12-19 v1.6 Define keys (HO)
) (/usr/local/texlive/2025/texmf-dist/tex/generic/pdfescape/pdfescape.sty
Package: pdfescape 2019/12/09 v1.15 Implements pdfTeX's escape features (HO)
 (/usr/local/texlive/2025/texmf-dist/tex/generic/pdftexcmds/pdftexcmds.sty
Package: pdftexcmds 2020-06-27 v0.33 Utility functions of pdfTeX for LuaTeX (HO)
Package pdftexcmds Info: \pdf@primitive is available.
Package pdftexcmds Info: \pdf@ifprimitive is available.
Package pdftexcmds Info: \pdfdraftmode found.
)) (/usr/local/texlive/2025/texmf-dist/tex/latex/hycolor/hycolor.sty
Package: hycolor 2020-01-27 v1.10 Color options for hyperref/bookmark (HO)
) (/usr/local/texlive/2025/texmf-dist/tex/latex/hyperref/nameref.sty
Package: nameref 2023-11-26 v2.56 Cross-referencing by name of section
 (/usr/local/texlive/2025/texmf-dist/tex/latex/refcount/refcount.sty
Package: refcount 2019/12/15 v3.6 Data extraction from label references (HO)
) (/usr/local/texlive/2025/texmf-dist/tex/generic/gettitlestring/gettitlestring.sty
Package: gettitlestring 2019/12/15 v1.6 Cleanup title references (HO)
)
\c@section@level=\count299
) (/usr/local/texlive/2025/texmf-dist/tex/generic/stringenc/stringenc.sty
Package: stringenc 2019/11/29 v1.12 Convert strings between diff. encodings (HO)
)
\@linkdim=\dimen173
\Hy@linkcounter=\count300
\Hy@pagecounter=\count301
 (/usr/local/texlive/2025/texmf-dist/tex/latex/hyperref/pd1enc.def
File: pd1enc.def 2024-11-05 v7.01l Hyperref: PDFDocEncoding definition (HO)
Now handling font encoding PD1 ...
... no UTF-8 mapping file for font encoding PD1
) (/usr/local/texlive/2025/texmf-dist/tex/generic/intcalc/intcalc.sty
Package: intcalc 2019/12/15 v1.3 Expandable calculations with integers (HO)
)
\Hy@SavedSpaceFactor=\count302
 (/usr/local/texlive/2025/texmf-dist/tex/latex/hyperref/puenc.def
File: puenc.def 2024-11-05 v7.01l Hyperref: PDF Unicode definition (HO)
Now handling font encoding PU ...
... no UTF-8 mapping file for font encoding PU
)
Package hyperref Info: Option `colorlinks' set `true' on input line 4040.
Package hyperref Info: Hyper figures OFF on input line 4157.
Package hyperref Info: Link nesting OFF on input line 4162.
Package hyperref Info: Hyper index ON on input line 4165.
Package hyperref Info: Plain pages OFF on input line 4172.
Package hyperref Info: Backreferencing OFF on input line 4177.
Package hyperref Info: Implicit mode ON; LaTeX internals redefined.
Package hyperref Info: Bookmarks ON on input line 4424.
\c@Hy@tempcnt=\count303
 (/usr/local/texlive/2025/texmf-dist/tex/latex/url/url.sty
\Urlmuskip=\muskip18
Package: url 2013/09/16  ver 3.4  Verb mode for urls, etc.
)
LaTeX Info: Redefining \url on input line 4763.
\XeTeXLinkMargin=\dimen174
 (/usr/local/texlive/2025/texmf-dist/tex/generic/bitset/bitset.sty
Package: bitset 2019/12/09 v1.3 Handle bit-vector datatype (HO)
 (/usr/local/texlive/2025/texmf-dist/tex/generic/bigintcalc/bigintcalc.sty
Package: bigintcalc 2019/12/15 v1.5 Expandable calculations on big integers (HO)
))
\Fld@menulength=\count304
\Field@Width=\dimen175
\Fld@charsize=\dimen176
Package hyperref Info: Hyper figures OFF on input line 6042.
Package hyperref Info: Link nesting OFF on input line 6047.
Package hyperref Info: Hyper index ON on input line 6050.
Package hyperref Info: backreferencing OFF on input line 6057.
Package hyperref Info: Link coloring ON on input line 6060.
Package hyperref Info: Link coloring with OCG OFF on input line 6067.
Package hyperref Info: PDF/A mode OFF on input line 6072.
 (/usr/local/texlive/2025/texmf-dist/tex/latex/base/atbegshi-ltx.sty
Package: atbegshi-ltx 2021/01/10 v1.0c Emulation of the original atbegshi
package with kernel methods
)
\Hy@abspage=\count305
\c@Item=\count306
\c@Hfootnote=\count307
)
Package hyperref Info: Driver (autodetected): hpdftex.
 (/usr/local/texlive/2025/texmf-dist/tex/latex/hyperref/hpdftex.def
File: hpdftex.def 2024-11-05 v7.01l Hyperref driver for pdfTeX
 (/usr/local/texlive/2025/texmf-dist/tex/latex/base/atveryend-ltx.sty
Package: atveryend-ltx 2020/08/19 v1.0a Emulation of the original atveryend package
with kernel methods
)
\Fld@listcount=\count308
\c@bookmark@seq@number=\count309
 (/usr/local/texlive/2025/texmf-dist/tex/latex/rerunfilecheck/rerunfilecheck.sty
Package: rerunfilecheck 2022-07-10 v1.10 Rerun checks for auxiliary files (HO)
 (/usr/local/texlive/2025/texmf-dist/tex/generic/uniquecounter/uniquecounter.sty
Package: uniquecounter 2019/12/15 v1.4 Provide unlimited unique counter (HO)
)
Package uniquecounter Info: New unique counter `rerunfilecheck' on input line 285.
)
\Hy@SectionHShift=\skip57
) (/usr/local/texlive/2025/texmf-dist/tex/latex/booktabs/booktabs.sty
Package: booktabs 2020/01/12 v1.61803398 Publication quality tables
\heavyrulewidth=\dimen177
\lightrulewidth=\dimen178
\cmidrulewidth=\dimen179
\belowrulesep=\dimen180
\belowbottomsep=\dimen181
\aboverulesep=\dimen182
\abovetopsep=\dimen183
\cmidrulesep=\dimen184
\cmidrulekern=\dimen185
\defaultaddspace=\dimen186
\@cmidla=\count310
\@cmidlb=\count311
\@aboverulesep=\dimen187
\@belowrulesep=\dimen188
\@thisruleclass=\count312
\@lastruleclass=\count313
\@thisrulewidth=\dimen189
) (/usr/local/texlive/2025/texmf-dist/tex/latex/siunitx/siunitx.sty
Package: siunitx 2025-02-27 v3.4.6 A comprehensive (SI) units package
\l__siunitx_number_uncert_offset_int=\count314
\l__siunitx_number_exponent_fixed_int=\count315
\l__siunitx_number_min_decimal_int=\count316
\l__siunitx_number_min_integer_int=\count317
\l__siunitx_number_round_precision_int=\count318
\l__siunitx_number_lower_threshold_int=\count319
\l__siunitx_number_upper_threshold_int=\count320
\l__siunitx_number_group_first_int=\count321
\l__siunitx_number_group_size_int=\count322
\l__siunitx_number_group_minimum_int=\count323
\l__siunitx_angle_tmp_dim=\dimen190
\l__siunitx_angle_marker_box=\box55
\l__siunitx_angle_unit_box=\box56
\l__siunitx_compound_count_int=\count324
 (/usr/local/texlive/2025/texmf-dist/tex/latex/translations/translations.sty
Package: translations 2022/02/05 v1.12 internationalization of LaTeX2e packages (CN)
)
\l__siunitx_table_tmp_box=\box57
\l__siunitx_table_tmp_dim=\dimen191
\l__siunitx_table_column_width_dim=\dimen192
\l__siunitx_table_integer_box=\box58
\l__siunitx_table_decimal_box=\box59
\l__siunitx_table_uncert_box=\box60
\l__siunitx_table_before_box=\box61
\l__siunitx_table_after_box=\box62
\l__siunitx_table_before_dim=\dimen193
\l__siunitx_table_carry_dim=\dimen194
\l__siunitx_unit_tmp_int=\count325
\l__siunitx_unit_position_int=\count326
\l__siunitx_unit_total_int=\count327
 (/usr/local/texlive/2025/texmf-dist/tex/latex/tools/array.sty
Package: array 2024/10/17 v2.6g Tabular extension package (FMi)
\col@sep=\dimen195
\ar@mcellbox=\box63
\extrarowheight=\dimen196
\NC@list=\toks31
\extratabsurround=\skip58
\backup@length=\skip59
\ar@cellbox=\box64
)) (/usr/local/texlive/2025/texmf-dist/tex/latex/tools/longtable.sty
Package: longtable 2024-10-27 v4.22 Multi-page Table package (DPC)
\LTleft=\skip60
\LTright=\skip61
\LTpre=\skip62
\LTpost=\skip63
\LTchunksize=\count328
\LTcapwidth=\dimen197
\LT@head=\box65
\LT@firsthead=\box66
\LT@foot=\box67
\LT@lastfoot=\box68
\LT@gbox=\box69
\LT@cols=\count329
\LT@rows=\count330
\c@LT@tables=\count331
\c@LT@chunks=\count332
\LT@p@ftn=\toks32
) (/usr/local/texlive/2025/texmf-dist/tex/latex/graphics/rotating.sty
Package: rotating 2016/08/11 v2.16d rotated objects in LaTeX
 (/usr/local/texlive/2025/texmf-dist/tex/latex/graphics/graphicx.sty
Package: graphicx 2021/09/16 v1.2d Enhanced LaTeX Graphics (DPC,SPQR)
 (/usr/local/texlive/2025/texmf-dist/tex/latex/graphics/graphics.sty
Package: graphics 2024/08/06 v1.4g Standard LaTeX Graphics (DPC,SPQR)
 (/usr/local/texlive/2025/texmf-dist/tex/latex/graphics/trig.sty
Package: trig 2023/12/02 v1.11 sin cos tan (DPC)
) (/usr/local/texlive/2025/texmf-dist/tex/latex/graphics-cfg/graphics.cfg
File: graphics.cfg 2016/06/04 v1.11 sample graphics configuration
)
Package graphics Info: Driver file: pdftex.def on input line 106.
)
\Gin@req@height=\dimen198
\Gin@req@width=\dimen199
) (/usr/local/texlive/2025/texmf-dist/tex/latex/base/ifthen.sty
Package: ifthen 2024/03/16 v1.1e Standard LaTeX ifthen package (DPC)
)
\c@r@tfl@t=\count333
\rotFPtop=\skip64
\rotFPbot=\skip65
\rot@float@box=\box70
\rot@mess@toks=\toks33
) (/usr/local/texlive/2025/texmf-dist/tex/latex/markdown/markdown.sty (/usr/local/texlive/2025/texmf-dist/tex/latex/l3kernel/expl3.sty
Package: expl3 2025-01-18 L3 programming layer (loader) 
 (/usr/local/texlive/2025/texmf-dist/tex/latex/l3backend/l3backend-pdftex.def
File: l3backend-pdftex.def 2024-05-08 L3 backend support: PDF output (pdfTeX)
\l__color_backend_stack_int=\count334
\l__pdf_internal_box=\box71
)) (/usr/local/texlive/2025/texmf-dist/tex/generic/markdown/markdown.tex (/usr/local/texlive/2025/texmf-dist/tex/generic/lt3luabridge/lt3luabridge.tex
\g_luabridge_method_int=\count335

Package luabridge Info: Using shell escape as the bridging method

)
\markdownInputFileStream=\read2
\markdownOutputFileStream=\write3
)
\markdownOptionFrozenCacheCounter=\count336
Package: markdown 2025-02-21 v3.11.0-0-ga9095584 markdown renderer
)

Package markdown Info: Loading version latest of LaTeX Markdown theme
(markdown)             witiko/markdown/defaults

 (/usr/local/texlive/2025/texmf-dist/tex/latex/markdown/markdownthemewitiko_markdown_defaults.sty

Package markdown Info: Loading version latest of plain TeX Markdown theme
(markdown)             witiko/markdown/defaults

 (/usr/local/texlive/2025/texmf-dist/tex/generic/markdown/markdownthemewitiko_markdown_defaults.tex) (/usr/local/texlive/2025/texmf-dist/tex/latex/paralist/paralist.sty
Package: paralist 2017/01/22 v2.7 Extended list environments
\pltopsep=\skip66
\plpartopsep=\skip67
\plitemsep=\skip68
\plparsep=\skip69
\pl@lab=\toks34
) (/usr/local/texlive/2025/texmf-dist/tex/latex/amsfonts/amssymb.sty
Package: amssymb 2013/01/14 v3.01 AMS font symbols
 (/usr/local/texlive/2025/texmf-dist/tex/latex/amsfonts/amsfonts.sty
Package: amsfonts 2013/01/14 v3.01 Basic AMSFonts support
\symAMSa=\mathgroup4
\symAMSb=\mathgroup5
LaTeX Font Info:    Redeclaring math symbol \hbar on input line 98.
LaTeX Font Info:    Overwriting math alphabet `\mathfrak' in version `bold'
(Font)                  U/euf/m/n --> U/euf/b/n on input line 106.
)) (/usr/local/texlive/2025/texmf-dist/tex/latex/csvsimple/csvsimple.sty
Package: csvsimple 2024/09/27 v2.7.0 LaTeX CSV file processing
) (/usr/local/texlive/2025/texmf-dist/tex/latex/csvsimple/csvsimple-legacy.sty
Package: csvsimple-legacy 2024/09/27 version 2.7.0 LaTeX2e CSV file processing
 (/usr/local/texlive/2025/texmf-dist/tex/latex/pgf/utilities/pgfrcs.sty (/usr/local/texlive/2025/texmf-dist/tex/generic/pgf/utilities/pgfutil-common.tex
\pgfutil@everybye=\toks35
\pgfutil@tempdima=\dimen256
\pgfutil@tempdimb=\dimen257
) (/usr/local/texlive/2025/texmf-dist/tex/generic/pgf/utilities/pgfutil-latex.def
\pgfutil@abb=\box72
) (/usr/local/texlive/2025/texmf-dist/tex/generic/pgf/utilities/pgfrcs.code.tex (/usr/local/texlive/2025/texmf-dist/tex/generic/pgf/pgf.revision.tex)
Package: pgfrcs 2023-01-15 v3.1.10 (3.1.10)
)) (/usr/local/texlive/2025/texmf-dist/tex/latex/pgf/utilities/pgfkeys.sty (/usr/local/texlive/2025/texmf-dist/tex/generic/pgf/utilities/pgfkeys.code.tex
\pgfkeys@pathtoks=\toks36
\pgfkeys@temptoks=\toks37
 (/usr/local/texlive/2025/texmf-dist/tex/generic/pgf/utilities/pgfkeyslibraryfiltered.code.tex
\pgfkeys@tmptoks=\toks38
))) (/usr/local/texlive/2025/texmf-dist/tex/latex/tools/shellesc.sty
Package: shellesc 2023/07/08 v1.0d unified shell escape interface for LaTeX
Package shellesc Info: Restricted shell escape enabled on input line 77.
)
\csv@file=\read3
\c@csvinputline=\count337
\c@csvrow=\count338
\c@csvcol=\count339
\csv@out=\write4
) (/usr/local/texlive/2025/texmf-dist/tex/latex/fancyvrb/fancyvrb.sty
Package: fancyvrb 2024/01/20 4.5c verbatim text (tvz,hv)
\FV@CodeLineNo=\count340
\FV@InFile=\read4
\FV@TabBox=\box73
\c@FancyVerbLine=\count341
\FV@StepNumber=\count342
\FV@OutFile=\write5
)
\markdownLaTeXCitationsCounter=\count343
\markdownLaTeXRowCounter=\count344
\markdownLaTeXRowTotal=\count345
\markdownLaTeXColumnCounter=\count346
\markdownLaTeXColumnTotal=\count347
\markdownLaTeXTable=\toks39
\markdownLaTeXTableAlignment=\toks40
\markdownLaTeXTableEnd=\toks41
) (/usr/local/texlive/2025/texmf-dist/tex/latex/makecell/makecell.sty
Package: makecell 2009/08/03 V0.1e Managing of Tab Column Heads and Cells
\rotheadsize=\dimen258
\c@nlinenum=\count348
\TeXr@lab=\toks42
) (/usr/local/texlive/2025/texmf-dist/tex/latex/float/float.sty
Package: float 2001/11/08 v1.3d Float enhancements (AL)
\c@float@type=\count349
\float@exts=\toks43
\float@box=\box74
\@float@everytoks=\toks44
\@floatcapt=\box75
) (/usr/local/texlive/2025/texmf-dist/tex/latex/caption/subcaption.sty
Package: subcaption 2023/07/28 v1.6b Sub-captions (AR)
 (/usr/local/texlive/2025/texmf-dist/tex/latex/caption/caption.sty
Package: caption 2023/08/05 v3.6o Customizing captions (AR)
 (/usr/local/texlive/2025/texmf-dist/tex/latex/caption/caption3.sty
Package: caption3 2023/07/31 v2.4d caption3 kernel (AR)
\caption@tempdima=\dimen259
\captionmargin=\dimen260
\caption@leftmargin=\dimen261
\caption@rightmargin=\dimen262
\caption@width=\dimen263
\caption@indent=\dimen264
\caption@parindent=\dimen265
\caption@hangindent=\dimen266
Package caption Info: Standard document class detected.
)
\c@caption@flags=\count350
\c@continuedfloat=\count351
Package caption Info: float package is loaded.
Package caption Info: hyperref package is loaded.
Package caption Info: longtable package is loaded.
 (/usr/local/texlive/2025/texmf-dist/tex/latex/caption/ltcaption.sty
Package: ltcaption 2021/01/08 v1.4c longtable captions (AR)
)
Package caption Info: rotating package is loaded.
)
Package caption Info: New subtype `subfigure' on input line 238.
\c@subfigure=\count352
Package caption Info: New subtype `subtable' on input line 238.
\c@subtable=\count353
) (/usr/local/texlive/2025/texmf-dist/tex/latex/tocloft/tocloft.sty
Package: tocloft 2017/08/31 v2.3i parameterised ToC, etc., typesetting
Package tocloft Info: The document has section divisions on input line 51.
\cftparskip=\skip70
\cftbeforetoctitleskip=\skip71
\cftaftertoctitleskip=\skip72
\cftbeforepartskip=\skip73
\cftpartnumwidth=\skip74
\cftpartindent=\skip75
\cftbeforesecskip=\skip76
\cftsecindent=\skip77
\cftsecnumwidth=\skip78
\cftbeforesubsecskip=\skip79
\cftsubsecindent=\skip80
\cftsubsecnumwidth=\skip81
\cftbeforesubsubsecskip=\skip82
\cftsubsubsecindent=\skip83
\cftsubsubsecnumwidth=\skip84
\cftbeforeparaskip=\skip85
\cftparaindent=\skip86
\cftparanumwidth=\skip87
\cftbeforesubparaskip=\skip88
\cftsubparaindent=\skip89
\cftsubparanumwidth=\skip90
\cftbeforeloftitleskip=\skip91
\cftafterloftitleskip=\skip92
\cftbeforefigskip=\skip93
\cftfigindent=\skip94
\cftfignumwidth=\skip95
\c@lofdepth=\count354
\c@lotdepth=\count355
\cftbeforelottitleskip=\skip96
\cftafterlottitleskip=\skip97
\cftbeforetabskip=\skip98
\cfttabindent=\skip99
\cfttabnumwidth=\skip100
) (/usr/local/texlive/2025/texmf-dist/tex/latex/titlesec/titletoc.sty
Package: titletoc 2025/01/04 v2.17 TOC entries
\ttl@leftsep=\dimen267
)
Package translations Info: No language package found. I am going to use `english' as default language. on input line 71.
 (./main.aux)
\openout1 = `main.aux'.

LaTeX Font Info:    Checking defaults for OML/cmm/m/it on input line 71.
LaTeX Font Info:    ... okay on input line 71.
LaTeX Font Info:    Checking defaults for OMS/cmsy/m/n on input line 71.
LaTeX Font Info:    ... okay on input line 71.
LaTeX Font Info:    Checking defaults for OT1/cmr/m/n on input line 71.
LaTeX Font Info:    ... okay on input line 71.
LaTeX Font Info:    Checking defaults for T1/cmr/m/n on input line 71.
LaTeX Font Info:    ... okay on input line 71.
LaTeX Font Info:    Checking defaults for TS1/cmr/m/n on input line 71.
LaTeX Font Info:    ... okay on input line 71.
LaTeX Font Info:    Checking defaults for OMX/cmex/m/n on input line 71.
LaTeX Font Info:    ... okay on input line 71.
LaTeX Font Info:    Checking defaults for U/cmr/m/n on input line 71.
LaTeX Font Info:    ... okay on input line 71.
LaTeX Font Info:    Checking defaults for PD1/pdf/m/n on input line 71.
LaTeX Font Info:    ... okay on input line 71.
LaTeX Font Info:    Checking defaults for PU/pdf/m/n on input line 71.
LaTeX Font Info:    ... okay on input line 71.
 (/usr/local/texlive/2025/texmf-dist/tex/context/base/mkii/supp-pdf.mkii
[Loading MPS to PDF converter (version 2006.09.02).]
\scratchcounter=\count356
\scratchdimen=\dimen268
\scratchbox=\box76
\nofMPsegments=\count357
\nofMParguments=\count358
\everyMPshowfont=\toks45
\MPscratchCnt=\count359
\MPscratchDim=\dimen269
\MPnumerator=\count360
\makeMPintoPDFobject=\count361
\everyMPtoPDFconversion=\toks46
) (/usr/local/texlive/2025/texmf-dist/tex/latex/epstopdf-pkg/epstopdf-base.sty
Package: epstopdf-base 2020-01-24 v2.11 Base part for package epstopdf
Package epstopdf-base Info: Redefining graphics rule for `.eps' on input line 485.
 (/usr/local/texlive/2025/texmf-dist/tex/latex/latexconfig/epstopdf-sys.cfg
File: epstopdf-sys.cfg 2010/07/13 v1.3 Configuration of (r)epstopdf for TeX Live
))
*geometry* driver: auto-detecting
*geometry* detected driver: pdftex
*geometry* verbose mode - [ preamble ] result:
* driver: pdftex
* paper: a4paper
* layout: <same size as paper>
* layoutoffset:(h,v)=(0.0pt,0.0pt)
* modes: 
* h-part:(L,W,R)=(56.9055pt, 483.69687pt, 56.9055pt)
* v-part:(T,H,B)=(71.13188pt, 702.78308pt, 71.13188pt)
* \paperwidth=597.50787pt
* \paperheight=845.04684pt
* \textwidth=483.69687pt
* \textheight=702.78308pt
* \oddsidemargin=-15.36449pt
* \evensidemargin=-15.36449pt
* \topmargin=-38.1381pt
* \headheight=12.0pt
* \headsep=25.0pt
* \topskip=12.0pt
* \footskip=30.0pt
* \marginparwidth=35.0pt
* \marginparsep=10.0pt
* \columnsep=10.0pt
* \skip\footins=10.8pt plus 4.0pt minus 2.0pt
* \hoffset=0.0pt
* \voffset=0.0pt
* \mag=1000
* \@twocolumnfalse
* \@twosidefalse
* \@mparswitchfalse
* \@reversemarginfalse
* (1in=72.27pt=25.4mm, 1cm=28.453pt)

Package hyperref Info: Link coloring ON on input line 71.
(./main.out) (./main.out)
\@outlinefile=\write6
\openout6 = `main.out'.

 (/usr/local/texlive/2025/texmf-dist/tex/latex/translations/translations-basic-dictionary-english.trsl
File: translations-basic-dictionary-english.trsl (english translation file `translations-basic-dictionary')
)
Package translations Info: loading dictionary `translations-basic-dictionary' for `english'. on input line 71.
Package caption Info: Begin \AtBeginDocument code.
Package caption Info: End \AtBeginDocument code.
 (./sections/tittlepage.tex
<images/BRUR_Logo.png, id=320, 1589.94pt x 2056.68375pt>
File: images/BRUR_Logo.png Graphic file (type png)
<use images/BRUR_Logo.png>
Package pdftex.def Info: images/BRUR_Logo.png  used on input line 12.
(pdftex.def)             Requested size: 91.02539pt x 113.79268pt.


[1

{/usr/local/texlive/2025/texmf-var/fonts/map/pdftex/updmap/pdftex.map} <./images/BRUR_Logo.png>]) (./sections/abstract.tex
LaTeX Font Info:    Trying to load font information for U+msa on input line 6.
 (/usr/local/texlive/2025/texmf-dist/tex/latex/amsfonts/umsa.fd
File: umsa.fd 2013/01/14 v3.01 AMS symbols A
)
LaTeX Font Info:    Trying to load font information for U+msb on input line 6.
 (/usr/local/texlive/2025/texmf-dist/tex/latex/amsfonts/umsb.fd
File: umsb.fd 2013/01/14 v3.01 AMS symbols B
)
Overfull \hbox (3.38057pt too wide) in paragraph at lines 6--7
[]\OT1/cmr/m/n/10.95 Our com-bined ma-chine learn-ing method-ol-ogy im-proves upon these by de-liv-er-ing sharper
 []

)


pdfTeX warning (ext4): destination with the same identifier (name{page.i}) has been already used, duplicate ignored
<to be read again> 
                   \relax 
l.86 \newpage
              [1] (./main.toc

[2])
\tf@toc=\write7
\openout7 = `main.toc'.



[3] (./main.lof)
\tf@lof=\write8
\openout8 = `main.lof'.



[4] (./main.lot)
\tf@lot=\write9
\openout9 = `main.lot'.



[5]

[1

] (./sections/introduction.tex
Overfull \hbox (3.2703pt too wide) in paragraph at lines 5--6
\OT1/cmr/m/n/12 omy, im-pact-ing in-fla-tion rates, con-sumer spend-ing pat-terns, in-come equal-ity, and over-all macroe-
 []



[2

{/usr/local/texlive/2025/texmf-dist/fonts/enc/dvips/cm-super/cm-super-ts1.enc}]
Overfull \hbox (0.92027pt too wide) in paragraph at lines 39--40
\OT1/cmr/m/n/12 (e.g., in-come quan-tiles, sec-tors, firm size, con-sump-tion bas-kets), and can Causal
 []



[3]

Package natbib Warning: Citation `main' on page 4 undefined on input line 85.

)

[4]

[5

] (./sections/literature-review.tex

[6

]
Overfull \hbox (39.71667pt too wide) in paragraph at lines 29--30
\OT1/cmr/m/n/12 data. This method al-lows re-searchers to model the tem-po-ral un-fold-ing of treat-ment ef-fects|particularly
 []



[7])

[8]

[9

] (./sections/data.tex

Package natbib Warning: Citation `imf2023' on page 10 undefined on input line 7.



[10

]
<images/dataacq.png, id=706, 873.2625pt x 1846.9pt>
File: images/dataacq.png Graphic file (type png)
<use images/dataacq.png>
Package pdftex.def Info: images/dataacq.png  used on input line 43.
(pdftex.def)             Requested size: 290.22107pt x 613.79065pt.

Overfull \hbox (74.73364pt too wide) in paragraph at lines 53--54
[]\OT1/cmr/m/it/12 Consistent Nomen-cla-ture\OT1/cmr/m/n/12 : Stan-dard-ized vari-able nam-ing con-ven-tions, such as \OT1/cmtt/m/n/12 source[]variable[]annual\OT1/cmr/m/n/12 ,
 []



[11]

[12 <./images/dataacq.png>]

[13]

[14]
<images/wholedata.png, id=731, 1905.1175pt x 2360.82pt>
File: images/wholedata.png Graphic file (type png)
<use images/wholedata.png>
Package pdftex.def Info: images/wholedata.png  used on input line 189.
(pdftex.def)             Requested size: 386.95897pt x 479.50436pt.


[15]

[16 <./images/wholedata.png>])

[17]

[18

] (./sections/methodology.tex
<images/modelplan.png, id=759, 1541.76pt x 1027.84pt>
File: images/modelplan.png Graphic file (type png)
<use images/modelplan.png>
Package pdftex.def Info: images/modelplan.png  used on input line 15.
(pdftex.def)             Requested size: 483.69687pt x 322.45389pt.
<figures/dml_analysis_results.png, id=760, 1148.6112pt x 858.8085pt>
File: figures/dml_analysis_results.png Graphic file (type png)
<use figures/dml_analysis_results.png>
Package pdftex.def Info: figures/dml_analysis_results.png  used on input line 35.
(pdftex.def)             Requested size: 483.69687pt x 361.65372pt.


[19

]

[20 <./images/modelplan.png (PNG copy)>]
<figures/lstm.jpg, id=770, 1495.5875pt x 491.8375pt>
File: figures/lstm.jpg Graphic file (type jpg)
<use figures/lstm.jpg>
Package pdftex.def Info: figures/lstm.jpg  used on input line 57.
(pdftex.def)             Requested size: 435.32422pt x 143.16206pt.


[21 <./figures/dml_analysis_results.png>]
<figures/causal_forest_results.png, id=779, 1148.3703pt x 858.8085pt>
File: figures/causal_forest_results.png Graphic file (type png)
<use figures/causal_forest_results.png>
Package pdftex.def Info: figures/causal_forest_results.png  used on input line 97.
(pdftex.def)             Requested size: 483.69687pt x 361.73235pt.


[22 <./figures/lstm.jpg>]

[23 <./figures/causal_forest_results.png>]
Overfull \hbox (3.12709pt too wide) in paragraph at lines 146--147
[]\OT1/cmr/bx/n/12 Predictive Ac-cu-racy\OT1/cmr/m/n/12 : Out-of-sample pre-dic-tion qual-ity mea-sured through mean squared
 []

<figures/hybrid_policy_analysis_comprehensive.png, id=798, 1438.4139pt x 1147.8885pt>
File: figures/hybrid_policy_analysis_comprehensive.png Graphic file (type png)
<use figures/hybrid_policy_analysis_comprehensive.png>
Package pdftex.def Info: figures/hybrid_policy_analysis_comprehensive.png  used on input line 157.
(pdftex.def)             Requested size: 483.69687pt x 385.98567pt.
</Users/rishad/Downloads/ThesisPaperFinal/Defence-paper/thesis/images/wholestructure.png, id=799, 1662.21pt x 1967.35pt>
File: /Users/rishad/Downloads/ThesisPaperFinal/Defence-paper/thesis/images/wholestructure.png Graphic file (type png)
<use /Users/rishad/Downloads/ThesisPaperFinal/Defence-paper/thesis/images/wholestructure.png>
Package pdftex.def Info: /Users/rishad/Downloads/ThesisPaperFinal/Defence-paper/thesis/images/wholestructure.png  used on input line 164.
(pdftex.def)             Requested size: 483.69687pt x 572.46815pt.
)

[24]

[25 <./figures/hybrid_policy_analysis_comprehensive.png>]

[26 </Users/rishad/Downloads/ThesisPaperFinal/Defence-paper/thesis/images/wholestructure.png>]

[27]

[28

] (./sections/results.tex
</Users/rishad/Downloads/ThesisPaperFinal/Defence-paper/thesis/exports/economic_data_overview.png, id=824, 1143.3114pt x 854.2314pt>
File: /Users/rishad/Downloads/ThesisPaperFinal/Defence-paper/thesis/exports/economic_data_overview.png Graphic file (type png)
<use /Users/rishad/Downloads/ThesisPaperFinal/Defence-paper/thesis/exports/economic_data_overview.png>
Package pdftex.def Info: /Users/rishad/Downloads/ThesisPaperFinal/Defence-paper/thesis/exports/economic_data_overview.png  used on input line 17.
(pdftex.def)             Requested size: 435.32422pt x 325.25pt.


[29

]
Overfull \hbox (1.24059pt too wide) in paragraph at lines 49--49
[]|\OT1/cmr/bx/n/10.95 Component| 
 []


Underfull \hbox (badness 10000) in paragraph at lines 49--49
[]|\OT1/cmr/bx/n/10.95 Core Mech-a-
 []


Underfull \hbox (badness 10000) in paragraph at lines 51--51
[]|\OT1/cmr/m/n/10.95 Gated re-cur-rent
 []


Underfull \hbox (badness 6741) in paragraph at lines 51--51
\OT1/cmr/m/n/10.95 se-quence mod-el-
 []


Underfull \hbox (badness 10000) in paragraph at lines 51--51
[]|\OT1/cmr/m/n/10.95 Captures
 []


Underfull \hbox (badness 10000) in paragraph at lines 51--51
\OT1/cmr/m/n/10.95 tem-po-ral
 []


Underfull \hbox (badness 1527) in paragraph at lines 51--52
[]|\OT1/cmr/m/n/10.95 Data hun-gry;
 []


Underfull \hbox (badness 10000) in paragraph at lines 53--53
[]|\OT1/cmr/m/n/10.95 Average
 []


Underfull \hbox (badness 10000) in paragraph at lines 53--53
[]|\OT1/cmr/m/n/10.95 Orthogonalized
 []


Underfull \hbox (badness 10000) in paragraph at lines 53--53
\OT1/cmr/m/n/10.95 partialling-out
 []


Underfull \hbox (badness 10000) in paragraph at lines 53--53
[]|\OT1/cmr/m/n/10.95 Bias re-duc-
 []


Underfull \hbox (badness 10000) in paragraph at lines 53--53
\OT1/cmr/m/n/10.95 tion un-der
 []


Underfull \hbox (badness 10000) in paragraph at lines 53--53
\OT1/cmr/m/n/10.95 high-dim.
 []


Underfull \hbox (badness 5622) in paragraph at lines 55--55
[]|\OT1/cmr/m/n/10.95 Causal For-
 []


Overfull \hbox (0.59325pt too wide) in paragraph at lines 55--55
[]|\OT1/cmr/m/n/10.95 Heterogeneity
 []


Underfull \hbox (badness 10000) in paragraph at lines 55--55
[]|\OT1/cmr/m/n/10.95 Honest split-
 []


Underfull \hbox (badness 10000) in paragraph at lines 55--55
\OT1/cmr/m/n/10.95 ting; lo-cal-ized
 []


Underfull \hbox (badness 10000) in paragraph at lines 55--55
\OT1/cmr/m/n/10.95 treat-ment ef-fect
 []


Underfull \hbox (badness 10000) in paragraph at lines 55--55
[]|\OT1/cmr/m/n/10.95 CATE dis-tri-
 []


Underfull \hbox (badness 10000) in paragraph at lines 55--55
[]|\OT1/cmr/m/n/10.95 Discovers
 []


Underfull \hbox (badness 10000) in paragraph at lines 55--55
\OT1/cmr/m/n/10.95 in-ter-ac-tion
 []


Underfull \hbox (badness 7576) in paragraph at lines 55--56
[]|\OT1/cmr/m/n/10.95 Sample frag-
 []


Underfull \hbox (badness 10000) in paragraph at lines 57--57
[]|\OT1/cmr/m/n/10.95 Hybrid En-
 []


Underfull \hbox (badness 10000) in paragraph at lines 57--57
[]|\OT1/cmr/m/n/10.95 Integrated
 []


Underfull \hbox (badness 1946) in paragraph at lines 57--57
\OT1/cmr/m/n/10.95 pol-icy eval-u-
 []


Underfull \hbox (badness 10000) in paragraph at lines 57--57
[]|\OT1/cmr/m/n/10.95 Performance-
 []


Underfull \hbox (badness 6910) in paragraph at lines 57--57
\OT1/cmr/m/n/10.95 weighted con-vex
 []


Underfull \hbox (badness 10000) in paragraph at lines 57--57
[]|\OT1/cmr/m/n/10.95 Unified sce-
 []


Underfull \hbox (badness 10000) in paragraph at lines 57--57
[]|\OT1/cmr/m/n/10.95 Aggregates
 []


Underfull \hbox (badness 10000) in paragraph at lines 57--57
\OT1/cmr/m/n/10.95 strengths;
 []


Underfull \hbox (badness 10000) in paragraph at lines 57--58
\OT1/cmr/m/n/10.95 (cur-rent
 []



[30 </Users/rishad/Downloads/ThesisPaperFinal/Defence-paper/thesis/exports/economic_data_overview.png>]
Underfull \hbox (badness 10000) in paragraph at lines 74--74
[]|\OT1/cmr/bx/n/10.95 Primary
 []


Underfull \hbox (badness 5592) in paragraph at lines 76--76
[]|\OT1/cmr/m/n/10.95 Temporal Pat-
 []


Underfull \hbox (badness 10000) in paragraph at lines 77--78
[]|\OT1/cmr/m/n/10.95 Policy As-sess-
 []


Underfull \hbox (badness 10000) in paragraph at lines 79--80
[]|\OT1/cmr/m/n/10.95 Comprehensive
 []


Overfull \hbox (53.56612pt too wide) in paragraph at lines 72--82
 [][] 
 []

</Users/rishad/Downloads/ThesisPaperFinal/Defence-paper/thesis/exports/final_policy_impact_analysis.png, id=839, 1149.3339pt x 857.3631pt>
File: /Users/rishad/Downloads/ThesisPaperFinal/Defence-paper/thesis/exports/final_policy_impact_analysis.png Graphic file (type png)
<use /Users/rishad/Downloads/ThesisPaperFinal/Defence-paper/thesis/exports/final_policy_impact_analysis.png>
Package pdftex.def Info: /Users/rishad/Downloads/ThesisPaperFinal/Defence-paper/thesis/exports/final_policy_impact_analysis.png  used on input line 94.
(pdftex.def)             Requested size: 386.95897pt x 288.66074pt.


[31]
Underfull \hbox (badness 10000) in paragraph at lines 120--120
[]|\OT1/cmr/bx/n/10.95 Policy
 []


Underfull \hbox (badness 10000) in paragraph at lines 120--120
[]|\OT1/cmr/bx/n/10.95 Causal
 []


Underfull \hbox (badness 4608) in paragraph at lines 120--120
\OT1/cmr/bx/n/10.95 Ef-fect on
 []


Overfull \hbox (3.21935pt too wide) in paragraph at lines 120--120
[]|\OT1/cmr/bx/n/10.95 Affected
 []


Underfull \hbox (badness 10000) in paragraph at lines 120--120
[]|\OT1/cmr/bx/n/10.95 Economic
 []


Underfull \hbox (badness 10000) in paragraph at lines 120--120
\OT1/cmr/bx/n/10.95 Con-di-
 []


Underfull \hbox (badness 10000) in paragraph at lines 120--121
[]|\OT1/cmr/bx/n/10.95 Policy
 []


Underfull \hbox (badness 10000) in paragraph at lines 122--122
[]|\OT1/cmr/m/n/10.95 Tax Cut
 []


Underfull \hbox (badness 10000) in paragraph at lines 124--124
[]|\OT1/cmr/m/n/10.95 VAT In-
 []


Underfull \hbox (badness 10000) in paragraph at lines 124--124
[]|\OT1/cmr/m/n/10.95 Recession
 []


Underfull \hbox (badness 10000) in paragraph at lines 124--125
[]|\OT1/cmr/m/n/10.95 VAT In-
 []


Underfull \hbox (badness 10000) in paragraph at lines 126--126
[]|\OT1/cmr/m/n/10.95 Aggressive
 []


Underfull \hbox (badness 10000) in paragraph at lines 126--126
\OT1/cmr/m/n/10.95 Tax Cut
 []


Underfull \hbox (badness 10000) in paragraph at lines 126--126
[]|\OT1/cmr/m/n/10.95 Universally
 []


Underfull \hbox (badness 10000) in paragraph at lines 126--127
[]|\OT1/cmr/m/n/10.95 Aggressive
 []


Underfull \hbox (badness 10000) in paragraph at lines 128--128
[]|\OT1/cmr/m/n/10.95 Moderate
 []


Underfull \hbox (badness 10000) in paragraph at lines 128--128
\OT1/cmr/m/n/10.95 Tax In-
 []


Underfull \hbox (badness 10000) in paragraph at lines 128--128
[]|\OT1/cmr/m/n/10.95 Recession
 []


Underfull \hbox (badness 10000) in paragraph at lines 128--129
[]|\OT1/cmr/m/n/10.95 Tax In-
 []


Overfull \hbox (5.65038pt too wide) in paragraph at lines 118--131
 [][] 
 []


Overfull \hbox (60.27008pt too wide) in paragraph at lines 110--131
\OT1/cmr/m/n/12 If we fo-cus on Dif-fer-ent % VAT In-crease - Causal Im-pact on Firm Sur-vival (pol-icy[]impact[]quantification.csv)
 []



[32 </Users/rishad/Downloads/ThesisPaperFinal/Defence-paper/thesis/exports/final_policy_impact_analysis.png>]

[33]
</Users/rishad/Downloads/ThesisPaperFinal/Defence-paper/thesis/exports/figure3_hybrid_model_results.png, id=859, 1143.0705pt x 822.4326pt>
File: /Users/rishad/Downloads/ThesisPaperFinal/Defence-paper/thesis/exports/figure3_hybrid_model_results.png Graphic file (type png)
<use /Users/rishad/Downloads/ThesisPaperFinal/Defence-paper/thesis/exports/figure3_hybrid_model_results.png>
Package pdftex.def Info: /Users/rishad/Downloads/ThesisPaperFinal/Defence-paper/thesis/exports/figure3_hybrid_model_results.png  used on input line 176.
(pdftex.def)             Requested size: 483.69687pt x 348.01704pt.


[34 </Users/rishad/Downloads/ThesisPaperFinal/Defence-paper/thesis/exports/figure3_hybrid_model_results.png>]
Overfull \hbox (17.53983pt too wide) in paragraph at lines 198--199
\OT1/cmr/m/n/12 tion of ap-prox-i-mately 3.87%, with a sta-tis-ti-cally sig-nif-i-cant con-fi-dence in-ter-val of $[\OMS/cmsy/m/n/12 ^^@\OT1/cmr/m/n/12 6\OML/cmm/m/it/12 :\OT1/cmr/m/n/12 23%\OML/cmm/m/it/12 ;  \OMS/cmsy/m/n/12 ^^@\OT1/cmr/m/n/12 1\OML/cmm/m/it/12 :\OT1/cmr/m/n/12 51%]$
 []



[35]

[36])

[37]

[38

] (./sections/discussion.tex

[39

])

[40]

[41

] (./sections/conclusion.tex

[42

])

[43]

[44

] (./bibliography/bibliography.tex (./main.bbl
Underfull \hbox (badness 1688) in paragraph at lines 46--48
[]\OT1/cmr/m/n/12 Fund, I. M. 2023, AI and Macroe-co-nomic Mod-el-ing: Deep Re-in-force-ment Learn-ing
 []


Underfull \hbox (badness 1259) in paragraph at lines 46--48
\OT1/cmr/m/n/12 in an RBC model.  [][]$\OT1/cmtt/m/n/12 https : / / www . elibrary . imf . org / view / journals / 001 / 2023 / 040 /
 []


Underfull \hbox (badness 10000) in paragraph at lines 69--70
[]\OT1/cmr/m/n/12 Inter-American De-vel-op-ment Bank. 2024, Ar-ti-fi-cial In-tel-li-gence in Fis-
 []


Underfull \hbox (badness 10000) in paragraph at lines 69--70
\OT1/cmr/m/n/12 cal Pol-i-cy-mak-ing, [][]$\OT1/cmtt/m/n/12 https : / / blogs . iadb . org / gestion-[]fiscal / en /
 []



[45

]
Underfull \hbox (badness 5203) in paragraph at lines 138--140
[]\OT1/cmr/m/n/12 Statistics, B. D. 2025, BDS: Firm Dy-nam-ics Data.  [][]$\OT1/cmtt/m/n/12 https : / / www . census . gov /
 []

)) (./sections/appendix.tex

[46]
Overfull \hbox (71.8784pt too wide) in paragraph at lines 8--10
\OT1/cmtt/m/n/12 com / Rishad-[]007 / A-[]Novel-[]VAT-[]Policy-[]Impact-[]Analysis-[]with-[]a-[]Hybrid-[]Machine-[]Learning-[]Approach$[][] 
 []


Overfull \hbox (43.12625pt too wide) in paragraph at lines 20--37
 [][] 
 []



[47]
Overfull \hbox (24.35413pt too wide) in paragraph at lines 147--158
 [][] 
 []


Overfull \hbox (406.5362pt too wide) in paragraph at lines 162--172
[][] 
 []


Overfull \hbox (772.72124pt too wide) in paragraph at lines 177--213
[][]
 []

)

Package natbib Warning: There were undefined citations.



[48]

[49]

[50] (./main.aux)
 ***********
LaTeX2e <2024-11-01> patch level 2
L3 programming layer <2025-01-18>
 ***********
Package rerunfilecheck Info: File `main.out' has not changed.
(rerunfilecheck)             Checksum: 847E13803A1C9F8E909CCE590CFAE47F;15347.
 ) 
Here is how much of TeX's memory you used:
 21733 strings out of 473190
 451259 string characters out of 5715800
 861221 words of memory out of 5000000
 44426 multiletter control sequences out of 15000+600000
 570555 words of font info for 78 fonts, out of 8000000 for 9000
 1141 hyphenation exceptions out of 8191
 99i,12n,123p,1574b,1175s stack positions out of 10000i,1000n,20000p,200000b,200000s
</usr/local/texlive/2025/texmf-dist/fonts/type1/public/amsfonts/cm/cmbx10.pfb></usr/local/texlive/2025/texmf-dist/fonts/type1/public/amsfonts/cm/cmbx12.pfb></usr/local/texlive/2025/texmf-dist/fonts/type1/public/amsfonts/cm/cmbx8.pfb></usr/local/texlive/2025/texmf-dist/fonts/type1/public/amsfonts/cm/cmbxti10.pfb></usr/local/texlive/2025/texmf-dist/fonts/type1/public/amsfonts/cm/cmex10.pfb></usr/local/texlive/2025/texmf-dist/fonts/type1/public/amsfonts/cm/cmmi10.pfb></usr/local/texlive/2025/texmf-dist/fonts/type1/public/amsfonts/cm/cmmi12.pfb></usr/local/texlive/2025/texmf-dist/fonts/type1/public/amsfonts/cm/cmmi8.pfb></usr/local/texlive/2025/texmf-dist/fonts/type1/public/amsfonts/cm/cmr10.pfb></usr/local/texlive/2025/texmf-dist/fonts/type1/public/amsfonts/cm/cmr12.pfb></usr/local/texlive/2025/texmf-dist/fonts/type1/public/amsfonts/cm/cmr8.pfb></usr/local/texlive/2025/texmf-dist/fonts/type1/public/amsfonts/cm/cmsy10.pfb></usr/local/texlive/2025/texmf-dist/fonts/type1/public/amsfonts/cm/cmsy8.pfb></usr/local/texlive/2025/texmf-dist/fonts/type1/public/amsfonts/cm/cmti12.pfb></usr/local/texlive/2025/texmf-dist/fonts/type1/public/amsfonts/cm/cmtt12.pfb></usr/local/texlive/2025/texmf-dist/fonts/type1/public/cm-super/sfrm1095.pfb></usr/local/texlive/2025/texmf-dist/fonts/type1/public/cm-super/sfrm1200.pfb>
Output written on main.pdf (56 pages, 5174482 bytes).
PDF statistics:
 1143 PDF objects out of 1200 (max. 8388607)
 1018 compressed objects within 11 object streams
 251 named destinations out of 1000 (max. 500000)
 693 words of extra memory for PDF output out of 10000 (max. 10000000)

